[+] Containers:
 |- [+] Container: /Game/kth/kth_map
 |   |- [+] ActorDescs:
 |   |   |- Guid:04E70AE74769E9619212EFB88EDA8003 BaseClass: NativeClass:/Script/Engine.StaticMeshActor Name:StaticMeshActor_UAID_40C2BA4F9FD3862B02_1314380503 Label:SM_Bld_Block_1x1_01P SpatiallyLoaded:1 Bounds:IsValid=true, Min=(X=100.000 Y=-390.000 Z=0.000), Max=(X=400.000 Y=-90.000 Z=300.000) RuntimeGrid:None EditorOnly:0 RuntimeOnly:0 HLODRelevant:1 ListedInSceneOutliner:1 IsMainWorldOnly:0
 |   |   |- Guid:05450FC442B2527E73FCEB9D3F47FFFA BaseClass: NativeClass:/Script/Engine.StaticMeshActor Name:StaticMeshActor_UAID_40C2BA4F9FD3862B02_1324564505 Label:SM_Bld_FloorCurved_1x1_01P2 SpatiallyLoaded:1 Bounds:IsValid=true, Min=(X=390.000 Y=-1300.000 Z=-10.000), Max=(X=490.000 Y=-1200.000 Z=0.000) RuntimeGrid:None EditorOnly:0 RuntimeOnly:0 HLODRelevant:1 ListedInSceneOutliner:1 IsMainWorldOnly:0
 |   |   |- Guid:09E1086A40BA64D7E7F701B10B3E3928 BaseClass: NativeClass:/Script/Engine.StaticMeshActor Name:StaticMeshActor_UAID_40C2BA4F9FD3862B02_1269726498 Label:SM_Bld_Ramp_45_1x1_01P2 SpatiallyLoaded:1 Bounds:IsValid=true, Min=(X=230.000 Y=160.000 Z=200.000), Max=(X=330.000 Y=260.000 Z=300.000) RuntimeGrid:None EditorOnly:0 RuntimeOnly:0 HLODRelevant:1 ListedInSceneOutliner:1 IsMainWorldOnly:0
 |   |   |- Guid:0C0C0ACB4C316DF93F3D1DB51011C1C8 BaseClass: NativeClass:/Script/Engine.StaticMeshActor Name:StaticMeshActor_UAID_40C2BA4F9FD3862B02_1373817513 Label:SM_Bld_FloorCurved_2x2_01P4 SpatiallyLoaded:1 Bounds:IsValid=true, Min=(X=-180.000 Y=-1300.000 Z=-10.000), Max=(X=20.000 Y=-1100.000 Z=0.000) RuntimeGrid:None EditorOnly:0 RuntimeOnly:0 HLODRelevant:1 ListedInSceneOutliner:1 IsMainWorldOnly:0
 |   |   |- Guid:1229959247B5C7855AD6878D90178334 BaseClass:/Game/PolygonBossZombies/EpicContent/Blueprints/ThirdPersonCharacter.ThirdPersonCharacter_C NativeClass:/Script/Engine.Character Name:ThirdPersonCharacter_C_UAID_40C2BA4F9FD38C2B02_1378906543 Label:ThirdPersonCharacter SpatiallyLoaded:1 Bounds:IsValid=true, Min=(X=-542.000 Y=148.000 Z=-5.291), Max=(X=-458.000 Y=232.000 Z=192.000) RuntimeGrid:None EditorOnly:0 RuntimeOnly:0 HLODRelevant:0 ListedInSceneOutliner:1 IsMainWorldOnly:0
 |   |   |- Guid:16194B5F4295197ECB1AF19F56BEC7A2 BaseClass: NativeClass:/Script/Engine.DirectionalLight Name:DirectionalLight_0 Label:DirectionalLight SpatiallyLoaded:0 Bounds:Invalid RuntimeGrid:None EditorOnly:0 RuntimeOnly:0 HLODRelevant:0 ListedInSceneOutliner:1 IsMainWorldOnly:0 FolderPath:Lighting FolderGuid:963EC3EB4002CCE9759E2EBA541A873A
 |   |   |- Guid:2EE7E80949F398D964EAD993167D621E BaseClass: NativeClass:/Script/Engine.StaticMeshActor Name:StaticMeshActor_UAID_40C2BA4F9FD3862B02_1544867522 Label:SM_Prop_Crate_03 SpatiallyLoaded:1 Bounds:IsValid=true, Min=(X=-729.475 Y=-249.474 Z=-9.474), Max=(X=-430.525 Y=49.474 Z=289.474) RuntimeGrid:None EditorOnly:0 RuntimeOnly:0 HLODRelevant:1 ListedInSceneOutliner:1 IsMainWorldOnly:0
 |   |   |- Guid:306244FF40DC15AB8FD4CD8B74058F1A BaseClass: NativeClass:/Script/Engine.StaticMeshActor Name:StaticMeshActor_UAID_40C2BA4F9FD3862B02_1340488508 Label:SM_Bld_FloorCurved_1x1_01P5 SpatiallyLoaded:1 Bounds:IsValid=true, Min=(X=390.000 Y=-1200.000 Z=-10.000), Max=(X=490.000 Y=-1100.000 Z=0.000) RuntimeGrid:None EditorOnly:0 RuntimeOnly:0 HLODRelevant:1 ListedInSceneOutliner:1 IsMainWorldOnly:0
 |   |   |- Guid:3125A047420232D76C951090B7A77772 BaseClass:/Game/kth/Floor.Floor_C NativeClass:/Script/Engine.Actor Name:Floor_C_UAID_40C2BA4F9FD3862B02_1198682494 Label:Floor SpatiallyLoaded:1 Bounds:IsValid=true, Min=(X=-1000.000 Y=-1000.000 Z=-10.000), Max=(X=1000.000 Y=999.998 Z=0.000) RuntimeGrid:None EditorOnly:0 RuntimeOnly:0 HLODRelevant:0 ListedInSceneOutliner:1 IsMainWorldOnly:0
 |   |   |- Guid:313989694B58A8C884A5A7A6D16DBB4C BaseClass: NativeClass:/Script/Engine.StaticMeshActor Name:StaticMeshActor_UAID_40C2BA4F9FD3862B02_1589781525 Label:SM_Bld_WallDoorDouble_5x3_01P2 SpatiallyLoaded:1 Bounds:IsValid=true, Min=(X=-170.000 Y=466.355 Z=0.000), Max=(X=330.000 Y=483.645 Z=300.000) RuntimeGrid:None EditorOnly:0 RuntimeOnly:0 HLODRelevant:1 ListedInSceneOutliner:1 IsMainWorldOnly:0
 |   |   |- Guid:318357424780B5FB10C1869C39B29D08 BaseClass: NativeClass:/Script/Engine.StaticMeshActor Name:StaticMeshActor_UAID_40C2BA4F9FD3862B02_1494271519 Label:SM_Primitive_Cylander_03 SpatiallyLoaded:1 Bounds:IsValid=true, Min=(X=480.000 Y=-740.000 Z=-150.000), Max=(X=780.000 Y=-440.000 Z=150.000) RuntimeGrid:None EditorOnly:0 RuntimeOnly:0 HLODRelevant:1 ListedInSceneOutliner:1 IsMainWorldOnly:0
 |   |   |- Guid:320CD45C48F7ECE473F21CBF315306C2 BaseClass: NativeClass:/Script/Engine.StaticMeshActor Name:StaticMeshActor_UAID_40C2BA4F9FD3862B02_1372969511 Label:SM_Bld_FloorCurved_2x2_01P2 SpatiallyLoaded:1 Bounds:IsValid=true, Min=(X=-380.000 Y=-1500.000 Z=-10.000), Max=(X=-180.000 Y=-1300.000 Z=0.000) RuntimeGrid:None EditorOnly:0 RuntimeOnly:0 HLODRelevant:1 ListedInSceneOutliner:1 IsMainWorldOnly:0
 |   |   |- Guid:37799E4B4D18EFD3E4479E855D91E54E BaseClass: NativeClass:/Script/NavigationSystem.NavMeshBoundsVolume Name:NavMeshBoundsVolume_UAID_40C2BA4F9FD3862B02_1639345530 Label:NavMeshBoundsVolume SpatiallyLoaded:0 Bounds:IsValid=true, Min=(X=-1440.000 Y=-1600.000 Z=-1500.000), Max=(X=1560.000 Y=1400.000 Z=1500.000) RuntimeGrid:None EditorOnly:0 RuntimeOnly:0 HLODRelevant:0 ListedInSceneOutliner:1 IsMainWorldOnly:0
 |   |   |- Guid:3927FEDB4333FE38DF4F54ACC3A4364B BaseClass: NativeClass:/Script/Engine.StaticMeshActor Name:StaticMeshActor_UAID_40C2BA4F9FD3862B02_1499712520 Label:SM_Primitive_Sphere_01P SpatiallyLoaded:1 Bounds:IsValid=true, Min=(X=-133.033 Y=-790.394 Z=-150.394), Max=(X=153.033 Y=-489.606 Z=150.394) RuntimeGrid:None EditorOnly:0 RuntimeOnly:0 HLODRelevant:1 ListedInSceneOutliner:1 IsMainWorldOnly:0
 |   |   |- Guid:3B1A49A349EC22A2CE480799541B43A9 BaseClass: NativeClass:/Script/Engine.StaticMeshActor Name:StaticMeshActor_UAID_40C2BA4F9FD3862B02_1602321527 Label:SM_Bld_WallCurved_2x2_01P2 SpatiallyLoaded:1 Bounds:IsValid=true, Min=(X=350.000 Y=480.000 Z=0.000), Max=(X=550.000 Y=680.000 Z=300.000) RuntimeGrid:None EditorOnly:0 RuntimeOnly:0 HLODRelevant:1 ListedInSceneOutliner:1 IsMainWorldOnly:0
 |   |   |- Guid:43039AF54F0B0D718C040AB8B0033A7E BaseClass: NativeClass:/Script/Engine.StaticMeshActor Name:StaticMeshActor_UAID_40C2BA4F9FD3862B02_1266405497 Label:SM_Bld_Ramp_45_1x1_01P SpatiallyLoaded:1 Bounds:IsValid=true, Min=(X=230.000 Y=360.000 Z=0.000), Max=(X=330.000 Y=460.000 Z=100.000) RuntimeGrid:None EditorOnly:0 RuntimeOnly:0 HLODRelevant:1 ListedInSceneOutliner:1 IsMainWorldOnly:0
 |   |   |- Guid:4921B1AD4A8B6D335F1599B1D69CDB1C BaseClass: NativeClass:/Script/Engine.StaticMeshActor Name:StaticMeshActor_UAID_40C2BA4F9FD3862B02_1339922507 Label:SM_Bld_FloorCurved_1x1_01P4 SpatiallyLoaded:1 Bounds:IsValid=true, Min=(X=490.000 Y=-1200.000 Z=-10.000), Max=(X=590.000 Y=-1100.000 Z=0.000) RuntimeGrid:None EditorOnly:0 RuntimeOnly:0 HLODRelevant:1 ListedInSceneOutliner:1 IsMainWorldOnly:0
 |   |   |- Guid:4B3B6A54423B3A756545CE82F375D6D8 BaseClass: NativeClass:/Script/Engine.StaticMeshActor Name:StaticMeshActor_UAID_40C2BA4F9FD3862B02_1256502496 Label:SM_Bld_WallDoorDouble_5x3_01P SpatiallyLoaded:1 Bounds:IsValid=true, Min=(X=-180.000 Y=146.355 Z=0.000), Max=(X=320.000 Y=163.645 Z=300.000) RuntimeGrid:None EditorOnly:0 RuntimeOnly:0 HLODRelevant:1 ListedInSceneOutliner:1 IsMainWorldOnly:0
 |   |   |- Guid:4D3FBC0642672EDC8892FEA84C0456FD BaseClass: NativeClass:/Script/Engine.PlayerStart Name:PlayerStart_0 Label:PlayerStart SpatiallyLoaded:0 Bounds:IsValid=true, Min=(X=-40.000 Y=-40.000 Z=18.000), Max=(X=40.000 Y=40.000 Z=202.000) RuntimeGrid:None EditorOnly:0 RuntimeOnly:0 HLODRelevant:0 ListedInSceneOutliner:1 IsMainWorldOnly:0
 |   |   |- Guid:546A19E7459AED37B43A458DCAF15806 BaseClass: NativeClass:/Script/Engine.SkyLight Name:SkyLight_1 Label:SkyLight SpatiallyLoaded:0 Bounds:IsValid=true, Min=(X=0.000 Y=0.000 Z=690.000), Max=(X=0.000 Y=0.000 Z=690.000) RuntimeGrid:None EditorOnly:0 RuntimeOnly:0 HLODRelevant:0 ListedInSceneOutliner:1 IsMainWorldOnly:0 FolderPath:Lighting FolderGuid:963EC3EB4002CCE9759E2EBA541A873A
 |   |   |- Guid:61D1E0FB42524155C8880EB7AE1A8FA2 BaseClass: NativeClass:/Script/Engine.VolumetricCloud Name:VolumetricCloud_0 Label:VolumetricCloud SpatiallyLoaded:0 Bounds:IsValid=true, Min=(X=0.000 Y=0.000 Z=820.000), Max=(X=0.000 Y=0.000 Z=820.000) RuntimeGrid:None EditorOnly:0 RuntimeOnly:0 HLODRelevant:0 ListedInSceneOutliner:1 IsMainWorldOnly:0 FolderPath:Lighting FolderGuid:963EC3EB4002CCE9759E2EBA541A873A
 |   |   |- Guid:621EA48E4E2DB583B1492F964561DE27 BaseClass: NativeClass:/Script/Engine.StaticMeshActor Name:StaticMeshActor_UAID_40C2BA4F9FD3862B02_1599045526 Label:SM_Bld_WallCurved_2x2_01P SpatiallyLoaded:1 Bounds:IsValid=true, Min=(X=340.000 Y=470.000 Z=0.000), Max=(X=540.000 Y=670.000 Z=300.000) RuntimeGrid:None EditorOnly:0 RuntimeOnly:0 HLODRelevant:1 ListedInSceneOutliner:1 IsMainWorldOnly:0
 |   |   |- Guid:644175164F4DAC5A5ED7679ACCCDD6BF BaseClass: NativeClass:/Script/Engine.WorldDataLayers Name:WorldDataLayers Label:WorldDataLayers SpatiallyLoaded:0 Bounds:Invalid RuntimeGrid:None EditorOnly:0 RuntimeOnly:0 HLODRelevant:0 ListedInSceneOutliner:1 IsMainWorldOnly:1
 |   |   |- Guid:6890752D4C3FDF9DF7E612BC542568B4 BaseClass: NativeClass:/Script/Engine.StaticMeshActor Name:StaticMeshActor_UAID_40C2BA4F9FD3862B02_1284676499 Label:SM_Bld_Ramp_45_1x1_01P3 SpatiallyLoaded:1 Bounds:IsValid=true, Min=(X=230.000 Y=260.000 Z=100.000), Max=(X=330.000 Y=360.000 Z=200.000) RuntimeGrid:None EditorOnly:0 RuntimeOnly:0 HLODRelevant:1 ListedInSceneOutliner:1 IsMainWorldOnly:0
 |   |   |- Guid:7E11D9134FB82196CD93C4AA95F95F92 BaseClass: NativeClass:/Script/Engine.SkyAtmosphere Name:SkyAtmosphere_0 Label:SkyAtmosphere SpatiallyLoaded:0 Bounds:IsValid=true, Min=(X=0.000 Y=0.000 Z=1020.000), Max=(X=0.000 Y=0.000 Z=1020.000) RuntimeGrid:None EditorOnly:0 RuntimeOnly:0 HLODRelevant:0 ListedInSceneOutliner:1 IsMainWorldOnly:0 FolderPath:Lighting FolderGuid:963EC3EB4002CCE9759E2EBA541A873A
 |   |   |- Guid:80B8BECB48355FF5D562F8BA62FBF70A BaseClass: NativeClass:/Script/Engine.StaticMeshActor Name:StaticMeshActor_UAID_40C2BA4F9FD3862B02_1366327510 Label:SM_Bld_FloorCurved_2x2_01P SpatiallyLoaded:1 Bounds:IsValid=true, Min=(X=-380.000 Y=-1300.000 Z=-10.000), Max=(X=-180.000 Y=-1100.000 Z=0.000) RuntimeGrid:None EditorOnly:0 RuntimeOnly:0 HLODRelevant:1 ListedInSceneOutliner:1 IsMainWorldOnly:0
 |   |   |- Guid:8B45B5BD4B621BB731FE1381A1EBCCD1 BaseClass: NativeClass:/Script/Engine.StaticMeshActor Name:StaticMeshActor_UAID_40C2BA4F9FD3862B02_1373396512 Label:SM_Bld_FloorCurved_2x2_01P3 SpatiallyLoaded:1 Bounds:IsValid=true, Min=(X=-180.000 Y=-1500.000 Z=-10.000), Max=(X=20.000 Y=-1300.000 Z=0.000) RuntimeGrid:None EditorOnly:0 RuntimeOnly:0 HLODRelevant:1 ListedInSceneOutliner:1 IsMainWorldOnly:0
 |   |   |- Guid:8E1F1C75473E51FDF09F1BB1708F75BD BaseClass: NativeClass:/Script/Engine.StaticMeshActor Name:StaticMeshActor_UAID_40C2BA4F9FD3862B02_1603219528 Label:SM_Bld_WallCurved_2x2_01P3 SpatiallyLoaded:1 Bounds:IsValid=true, Min=(X=550.000 Y=480.000 Z=0.000), Max=(X=750.000 Y=680.000 Z=300.000) RuntimeGrid:None EditorOnly:0 RuntimeOnly:0 HLODRelevant:1 ListedInSceneOutliner:1 IsMainWorldOnly:0
 |   |   |- Guid:9272292F4D043D634BA7F38EB4B6A877 BaseClass: NativeClass:/Script/Engine.StaticMeshActor Name:StaticMeshActor_UAID_40C2BA4F9FD3862B02_1338629506 Label:SM_Bld_FloorCurved_1x1_01P3 SpatiallyLoaded:1 Bounds:IsValid=true, Min=(X=490.000 Y=-1300.000 Z=-10.000), Max=(X=590.000 Y=-1200.000 Z=0.000) RuntimeGrid:None EditorOnly:0 RuntimeOnly:0 HLODRelevant:1 ListedInSceneOutliner:1 IsMainWorldOnly:0
 |   |   |- Guid:C456D9CF4832F89931C269A58762F1C4 BaseClass: NativeClass:/Script/Engine.PostProcessVolume Name:PostProcessVolume_0 Label:PostProcessVolume SpatiallyLoaded:0 Bounds:IsValid=true, Min=(X=0.000 Y=0.000 Z=400.000), Max=(X=200.000 Y=200.000 Z=600.000) RuntimeGrid:None EditorOnly:0 RuntimeOnly:0 HLODRelevant:0 ListedInSceneOutliner:1 IsMainWorldOnly:0 FolderPath:Lighting FolderGuid:963EC3EB4002CCE9759E2EBA541A873A
 |   |   |- Guid:DA2174C64DC9FFA80B96B482B27B9745 BaseClass: NativeClass:/Script/Engine.StaticMeshActor Name:StaticMeshActor_UAID_40C2BA4F9FD3862B02_1524483521 Label:SM_Prop_Synty_Cube_01 SpatiallyLoaded:1 Bounds:IsValid=true, Min=(X=580.000 Y=-310.000 Z=-10.000), Max=(X=880.000 Y=-10.000 Z=290.000) RuntimeGrid:None EditorOnly:0 RuntimeOnly:0 HLODRelevant:1 ListedInSceneOutliner:1 IsMainWorldOnly:0
 |   |   |- Guid:DA99E6534F709819A71B0DBCA0AF4C13 BaseClass: NativeClass:/Script/Engine.StaticMeshActor Name:StaticMeshActor_UAID_40C2BA4F9FD3862B02_1569956524 Label:SM_Generic_Tree_03 SpatiallyLoaded:1 Bounds:IsValid=true, Min=(X=-889.857 Y=428.774 Z=-47.593), Max=(X=-370.144 Y=891.226 Z=1000.389) RuntimeGrid:None EditorOnly:0 RuntimeOnly:0 HLODRelevant:1 ListedInSceneOutliner:1 IsMainWorldOnly:0
 |   |   |- Guid:DB5263324AD138C2D7A76EA51C4C2979 BaseClass: NativeClass:/Script/Engine.StaticMeshActor Name:StaticMeshActor_UAID_40C2BA4F9FD3862B02_1553083523 Label:SM_Prop_Cone_01 SpatiallyLoaded:1 Bounds:IsValid=true, Min=(X=-333.291 Y=-463.297 Z=0.000), Max=(X=-106.699 Y=-236.702 Z=412.484) RuntimeGrid:None EditorOnly:0 RuntimeOnly:0 HLODRelevant:1 ListedInSceneOutliner:1 IsMainWorldOnly:0
 |   |   |- Guid:E7506BAE4C4061F1FD4B54B6DFC89AF2 BaseClass: NativeClass:/Script/Engine.StaticMeshActor Name:StaticMeshActor_UAID_A4AE111137DC5EFB00_1110535423 Label:SM_SkySphere SpatiallyLoaded:0 Bounds:IsValid=true, Min=(X=-1638400.000 Y=-1638400.000 Z=-1638400.000), Max=(X=1638400.000 Y=1638400.000 Z=1638400.000) RuntimeGrid:None EditorOnly:0 RuntimeOnly:0 HLODRelevant:0 ListedInSceneOutliner:1 IsMainWorldOnly:0 FolderPath:Lighting FolderGuid:963EC3EB4002CCE9759E2EBA541A873A
 |   |   |- Guid:EF6A4AA54C498581010414863CF524BA BaseClass: NativeClass:/Script/Engine.ExponentialHeightFog Name:ExponentialHeightFog_0 Label:ExponentialHeightFog SpatiallyLoaded:0 Bounds:IsValid=true, Min=(X=-5600.000 Y=-50.000 Z=-6850.000), Max=(X=-5600.000 Y=-50.000 Z=-6850.000) RuntimeGrid:None EditorOnly:0 RuntimeOnly:0 HLODRelevant:0 ListedInSceneOutliner:1 IsMainWorldOnly:0 FolderPath:Lighting FolderGuid:963EC3EB4002CCE9759E2EBA541A873A
 |   |   |- Guid:F864D13F491500E6906E8FBEAEBA4575 BaseClass: NativeClass:/Script/NavigationSystem.RecastNavMesh Name:RecastNavMesh_UAID_40C2BA4F9FD3862B02-Default Label:RecastNavMesh-Default SpatiallyLoaded:0 Bounds:IsValid=true, Min=(X=0.000 Y=0.000 Z=0.000), Max=(X=0.000 Y=0.000 Z=0.000) RuntimeGrid:None EditorOnly:0 RuntimeOnly:0 HLODRelevant:0 ListedInSceneOutliner:1 IsMainWorldOnly:0
 |   |   |- Guid:FA6091694E6CE2C141A4B28F6B1DC318 BaseClass:/Game/kth/BP_Enemy_1.BP_Enemy_1_C NativeClass:/Script/Engine.Character Name:Enemy_1_C_UAID_40C2BA4F9FD3862B02_1863381531 Label:Enemy_1 SpatiallyLoaded:1 Bounds:IsValid=true, Min=(X=-894.000 Y=-707.718 Z=-4.593), Max=(X=-826.000 Y=-408.401 Z=183.466) RuntimeGrid:None EditorOnly:0 RuntimeOnly:0 HLODRelevant:0 ListedInSceneOutliner:1 IsMainWorldOnly:0
 |   |- [+] Clusters:
 |   |   |- [+] [  0]
 |   |   |   |- Guid:04E70AE74769E9619212EFB88EDA8003 BaseClass: NativeClass:/Script/Engine.StaticMeshActor Name:StaticMeshActor_UAID_40C2BA4F9FD3862B02_1314380503 Label:SM_Bld_Block_1x1_01P SpatiallyLoaded:1 Bounds:IsValid=true, Min=(X=100.000 Y=-390.000 Z=0.000), Max=(X=400.000 Y=-90.000 Z=300.000) RuntimeGrid:None EditorOnly:0 RuntimeOnly:0 HLODRelevant:1 ListedInSceneOutliner:1 IsMainWorldOnly:0
 |   |   |- [+] [  1]
 |   |   |   |- Guid:05450FC442B2527E73FCEB9D3F47FFFA BaseClass: NativeClass:/Script/Engine.StaticMeshActor Name:StaticMeshActor_UAID_40C2BA4F9FD3862B02_1324564505 Label:SM_Bld_FloorCurved_1x1_01P2 SpatiallyLoaded:1 Bounds:IsValid=true, Min=(X=390.000 Y=-1300.000 Z=-10.000), Max=(X=490.000 Y=-1200.000 Z=0.000) RuntimeGrid:None EditorOnly:0 RuntimeOnly:0 HLODRelevant:1 ListedInSceneOutliner:1 IsMainWorldOnly:0
 |   |   |- [+] [  2]
 |   |   |   |- Guid:09E1086A40BA64D7E7F701B10B3E3928 BaseClass: NativeClass:/Script/Engine.StaticMeshActor Name:StaticMeshActor_UAID_40C2BA4F9FD3862B02_1269726498 Label:SM_Bld_Ramp_45_1x1_01P2 SpatiallyLoaded:1 Bounds:IsValid=true, Min=(X=230.000 Y=160.000 Z=200.000), Max=(X=330.000 Y=260.000 Z=300.000) RuntimeGrid:None EditorOnly:0 RuntimeOnly:0 HLODRelevant:1 ListedInSceneOutliner:1 IsMainWorldOnly:0
 |   |   |- [+] [  3]
 |   |   |   |- Guid:0C0C0ACB4C316DF93F3D1DB51011C1C8 BaseClass: NativeClass:/Script/Engine.StaticMeshActor Name:StaticMeshActor_UAID_40C2BA4F9FD3862B02_1373817513 Label:SM_Bld_FloorCurved_2x2_01P4 SpatiallyLoaded:1 Bounds:IsValid=true, Min=(X=-180.000 Y=-1300.000 Z=-10.000), Max=(X=20.000 Y=-1100.000 Z=0.000) RuntimeGrid:None EditorOnly:0 RuntimeOnly:0 HLODRelevant:1 ListedInSceneOutliner:1 IsMainWorldOnly:0
 |   |   |- [+] [  4]
 |   |   |   |- Guid:1229959247B5C7855AD6878D90178334 BaseClass:/Game/PolygonBossZombies/EpicContent/Blueprints/ThirdPersonCharacter.ThirdPersonCharacter_C NativeClass:/Script/Engine.Character Name:ThirdPersonCharacter_C_UAID_40C2BA4F9FD38C2B02_1378906543 Label:ThirdPersonCharacter SpatiallyLoaded:1 Bounds:IsValid=true, Min=(X=-542.000 Y=148.000 Z=-5.291), Max=(X=-458.000 Y=232.000 Z=192.000) RuntimeGrid:None EditorOnly:0 RuntimeOnly:0 HLODRelevant:0 ListedInSceneOutliner:1 IsMainWorldOnly:0
 |   |   |- [+] [  5]
 |   |   |   |- Guid:16194B5F4295197ECB1AF19F56BEC7A2 BaseClass: NativeClass:/Script/Engine.DirectionalLight Name:DirectionalLight_0 Label:DirectionalLight SpatiallyLoaded:0 Bounds:Invalid RuntimeGrid:None EditorOnly:0 RuntimeOnly:0 HLODRelevant:0 ListedInSceneOutliner:1 IsMainWorldOnly:0 FolderPath:Lighting FolderGuid:963EC3EB4002CCE9759E2EBA541A873A
 |   |   |- [+] [  6]
 |   |   |   |- Guid:2EE7E80949F398D964EAD993167D621E BaseClass: NativeClass:/Script/Engine.StaticMeshActor Name:StaticMeshActor_UAID_40C2BA4F9FD3862B02_1544867522 Label:SM_Prop_Crate_03 SpatiallyLoaded:1 Bounds:IsValid=true, Min=(X=-729.475 Y=-249.474 Z=-9.474), Max=(X=-430.525 Y=49.474 Z=289.474) RuntimeGrid:None EditorOnly:0 RuntimeOnly:0 HLODRelevant:1 ListedInSceneOutliner:1 IsMainWorldOnly:0
 |   |   |- [+] [  7]
 |   |   |   |- Guid:306244FF40DC15AB8FD4CD8B74058F1A BaseClass: NativeClass:/Script/Engine.StaticMeshActor Name:StaticMeshActor_UAID_40C2BA4F9FD3862B02_1340488508 Label:SM_Bld_FloorCurved_1x1_01P5 SpatiallyLoaded:1 Bounds:IsValid=true, Min=(X=390.000 Y=-1200.000 Z=-10.000), Max=(X=490.000 Y=-1100.000 Z=0.000) RuntimeGrid:None EditorOnly:0 RuntimeOnly:0 HLODRelevant:1 ListedInSceneOutliner:1 IsMainWorldOnly:0
 |   |   |- [+] [  8]
 |   |   |   |- Guid:3125A047420232D76C951090B7A77772 BaseClass:/Game/kth/Floor.Floor_C NativeClass:/Script/Engine.Actor Name:Floor_C_UAID_40C2BA4F9FD3862B02_1198682494 Label:Floor SpatiallyLoaded:1 Bounds:IsValid=true, Min=(X=-1000.000 Y=-1000.000 Z=-10.000), Max=(X=1000.000 Y=999.998 Z=0.000) RuntimeGrid:None EditorOnly:0 RuntimeOnly:0 HLODRelevant:0 ListedInSceneOutliner:1 IsMainWorldOnly:0
 |   |   |- [+] [  9]
 |   |   |   |- Guid:313989694B58A8C884A5A7A6D16DBB4C BaseClass: NativeClass:/Script/Engine.StaticMeshActor Name:StaticMeshActor_UAID_40C2BA4F9FD3862B02_1589781525 Label:SM_Bld_WallDoorDouble_5x3_01P2 SpatiallyLoaded:1 Bounds:IsValid=true, Min=(X=-170.000 Y=466.355 Z=0.000), Max=(X=330.000 Y=483.645 Z=300.000) RuntimeGrid:None EditorOnly:0 RuntimeOnly:0 HLODRelevant:1 ListedInSceneOutliner:1 IsMainWorldOnly:0
 |   |   |- [+] [ 10]
 |   |   |   |- Guid:318357424780B5FB10C1869C39B29D08 BaseClass: NativeClass:/Script/Engine.StaticMeshActor Name:StaticMeshActor_UAID_40C2BA4F9FD3862B02_1494271519 Label:SM_Primitive_Cylander_03 SpatiallyLoaded:1 Bounds:IsValid=true, Min=(X=480.000 Y=-740.000 Z=-150.000), Max=(X=780.000 Y=-440.000 Z=150.000) RuntimeGrid:None EditorOnly:0 RuntimeOnly:0 HLODRelevant:1 ListedInSceneOutliner:1 IsMainWorldOnly:0
 |   |   |- [+] [ 11]
 |   |   |   |- Guid:320CD45C48F7ECE473F21CBF315306C2 BaseClass: NativeClass:/Script/Engine.StaticMeshActor Name:StaticMeshActor_UAID_40C2BA4F9FD3862B02_1372969511 Label:SM_Bld_FloorCurved_2x2_01P2 SpatiallyLoaded:1 Bounds:IsValid=true, Min=(X=-380.000 Y=-1500.000 Z=-10.000), Max=(X=-180.000 Y=-1300.000 Z=0.000) RuntimeGrid:None EditorOnly:0 RuntimeOnly:0 HLODRelevant:1 ListedInSceneOutliner:1 IsMainWorldOnly:0
 |   |   |- [+] [ 12]
 |   |   |   |- Guid:37799E4B4D18EFD3E4479E855D91E54E BaseClass: NativeClass:/Script/NavigationSystem.NavMeshBoundsVolume Name:NavMeshBoundsVolume_UAID_40C2BA4F9FD3862B02_1639345530 Label:NavMeshBoundsVolume SpatiallyLoaded:0 Bounds:IsValid=true, Min=(X=-1440.000 Y=-1600.000 Z=-1500.000), Max=(X=1560.000 Y=1400.000 Z=1500.000) RuntimeGrid:None EditorOnly:0 RuntimeOnly:0 HLODRelevant:0 ListedInSceneOutliner:1 IsMainWorldOnly:0
 |   |   |- [+] [ 13]
 |   |   |   |- Guid:3927FEDB4333FE38DF4F54ACC3A4364B BaseClass: NativeClass:/Script/Engine.StaticMeshActor Name:StaticMeshActor_UAID_40C2BA4F9FD3862B02_1499712520 Label:SM_Primitive_Sphere_01P SpatiallyLoaded:1 Bounds:IsValid=true, Min=(X=-133.033 Y=-790.394 Z=-150.394), Max=(X=153.033 Y=-489.606 Z=150.394) RuntimeGrid:None EditorOnly:0 RuntimeOnly:0 HLODRelevant:1 ListedInSceneOutliner:1 IsMainWorldOnly:0
 |   |   |- [+] [ 14]
 |   |   |   |- Guid:3B1A49A349EC22A2CE480799541B43A9 BaseClass: NativeClass:/Script/Engine.StaticMeshActor Name:StaticMeshActor_UAID_40C2BA4F9FD3862B02_1602321527 Label:SM_Bld_WallCurved_2x2_01P2 SpatiallyLoaded:1 Bounds:IsValid=true, Min=(X=350.000 Y=480.000 Z=0.000), Max=(X=550.000 Y=680.000 Z=300.000) RuntimeGrid:None EditorOnly:0 RuntimeOnly:0 HLODRelevant:1 ListedInSceneOutliner:1 IsMainWorldOnly:0
 |   |   |- [+] [ 15]
 |   |   |   |- Guid:43039AF54F0B0D718C040AB8B0033A7E BaseClass: NativeClass:/Script/Engine.StaticMeshActor Name:StaticMeshActor_UAID_40C2BA4F9FD3862B02_1266405497 Label:SM_Bld_Ramp_45_1x1_01P SpatiallyLoaded:1 Bounds:IsValid=true, Min=(X=230.000 Y=360.000 Z=0.000), Max=(X=330.000 Y=460.000 Z=100.000) RuntimeGrid:None EditorOnly:0 RuntimeOnly:0 HLODRelevant:1 ListedInSceneOutliner:1 IsMainWorldOnly:0
 |   |   |- [+] [ 16]
 |   |   |   |- Guid:4921B1AD4A8B6D335F1599B1D69CDB1C BaseClass: NativeClass:/Script/Engine.StaticMeshActor Name:StaticMeshActor_UAID_40C2BA4F9FD3862B02_1339922507 Label:SM_Bld_FloorCurved_1x1_01P4 SpatiallyLoaded:1 Bounds:IsValid=true, Min=(X=490.000 Y=-1200.000 Z=-10.000), Max=(X=590.000 Y=-1100.000 Z=0.000) RuntimeGrid:None EditorOnly:0 RuntimeOnly:0 HLODRelevant:1 ListedInSceneOutliner:1 IsMainWorldOnly:0
 |   |   |- [+] [ 17]
 |   |   |   |- Guid:4B3B6A54423B3A756545CE82F375D6D8 BaseClass: NativeClass:/Script/Engine.StaticMeshActor Name:StaticMeshActor_UAID_40C2BA4F9FD3862B02_1256502496 Label:SM_Bld_WallDoorDouble_5x3_01P SpatiallyLoaded:1 Bounds:IsValid=true, Min=(X=-180.000 Y=146.355 Z=0.000), Max=(X=320.000 Y=163.645 Z=300.000) RuntimeGrid:None EditorOnly:0 RuntimeOnly:0 HLODRelevant:1 ListedInSceneOutliner:1 IsMainWorldOnly:0
 |   |   |- [+] [ 18]
 |   |   |   |- Guid:4D3FBC0642672EDC8892FEA84C0456FD BaseClass: NativeClass:/Script/Engine.PlayerStart Name:PlayerStart_0 Label:PlayerStart SpatiallyLoaded:0 Bounds:IsValid=true, Min=(X=-40.000 Y=-40.000 Z=18.000), Max=(X=40.000 Y=40.000 Z=202.000) RuntimeGrid:None EditorOnly:0 RuntimeOnly:0 HLODRelevant:0 ListedInSceneOutliner:1 IsMainWorldOnly:0
 |   |   |- [+] [ 19]
 |   |   |   |- Guid:546A19E7459AED37B43A458DCAF15806 BaseClass: NativeClass:/Script/Engine.SkyLight Name:SkyLight_1 Label:SkyLight SpatiallyLoaded:0 Bounds:IsValid=true, Min=(X=0.000 Y=0.000 Z=690.000), Max=(X=0.000 Y=0.000 Z=690.000) RuntimeGrid:None EditorOnly:0 RuntimeOnly:0 HLODRelevant:0 ListedInSceneOutliner:1 IsMainWorldOnly:0 FolderPath:Lighting FolderGuid:963EC3EB4002CCE9759E2EBA541A873A
 |   |   |- [+] [ 20]
 |   |   |   |- Guid:61D1E0FB42524155C8880EB7AE1A8FA2 BaseClass: NativeClass:/Script/Engine.VolumetricCloud Name:VolumetricCloud_0 Label:VolumetricCloud SpatiallyLoaded:0 Bounds:IsValid=true, Min=(X=0.000 Y=0.000 Z=820.000), Max=(X=0.000 Y=0.000 Z=820.000) RuntimeGrid:None EditorOnly:0 RuntimeOnly:0 HLODRelevant:0 ListedInSceneOutliner:1 IsMainWorldOnly:0 FolderPath:Lighting FolderGuid:963EC3EB4002CCE9759E2EBA541A873A
 |   |   |- [+] [ 21]
 |   |   |   |- Guid:621EA48E4E2DB583B1492F964561DE27 BaseClass: NativeClass:/Script/Engine.StaticMeshActor Name:StaticMeshActor_UAID_40C2BA4F9FD3862B02_1599045526 Label:SM_Bld_WallCurved_2x2_01P SpatiallyLoaded:1 Bounds:IsValid=true, Min=(X=340.000 Y=470.000 Z=0.000), Max=(X=540.000 Y=670.000 Z=300.000) RuntimeGrid:None EditorOnly:0 RuntimeOnly:0 HLODRelevant:1 ListedInSceneOutliner:1 IsMainWorldOnly:0
 |   |   |- [+] [ 22]
 |   |   |   |- Guid:644175164F4DAC5A5ED7679ACCCDD6BF BaseClass: NativeClass:/Script/Engine.WorldDataLayers Name:WorldDataLayers Label:WorldDataLayers SpatiallyLoaded:0 Bounds:Invalid RuntimeGrid:None EditorOnly:0 RuntimeOnly:0 HLODRelevant:0 ListedInSceneOutliner:1 IsMainWorldOnly:1
 |   |   |- [+] [ 23]
 |   |   |   |- Guid:6890752D4C3FDF9DF7E612BC542568B4 BaseClass: NativeClass:/Script/Engine.StaticMeshActor Name:StaticMeshActor_UAID_40C2BA4F9FD3862B02_1284676499 Label:SM_Bld_Ramp_45_1x1_01P3 SpatiallyLoaded:1 Bounds:IsValid=true, Min=(X=230.000 Y=260.000 Z=100.000), Max=(X=330.000 Y=360.000 Z=200.000) RuntimeGrid:None EditorOnly:0 RuntimeOnly:0 HLODRelevant:1 ListedInSceneOutliner:1 IsMainWorldOnly:0
 |   |   |- [+] [ 24]
 |   |   |   |- Guid:7E11D9134FB82196CD93C4AA95F95F92 BaseClass: NativeClass:/Script/Engine.SkyAtmosphere Name:SkyAtmosphere_0 Label:SkyAtmosphere SpatiallyLoaded:0 Bounds:IsValid=true, Min=(X=0.000 Y=0.000 Z=1020.000), Max=(X=0.000 Y=0.000 Z=1020.000) RuntimeGrid:None EditorOnly:0 RuntimeOnly:0 HLODRelevant:0 ListedInSceneOutliner:1 IsMainWorldOnly:0 FolderPath:Lighting FolderGuid:963EC3EB4002CCE9759E2EBA541A873A
 |   |   |- [+] [ 25]
 |   |   |   |- Guid:80B8BECB48355FF5D562F8BA62FBF70A BaseClass: NativeClass:/Script/Engine.StaticMeshActor Name:StaticMeshActor_UAID_40C2BA4F9FD3862B02_1366327510 Label:SM_Bld_FloorCurved_2x2_01P SpatiallyLoaded:1 Bounds:IsValid=true, Min=(X=-380.000 Y=-1300.000 Z=-10.000), Max=(X=-180.000 Y=-1100.000 Z=0.000) RuntimeGrid:None EditorOnly:0 RuntimeOnly:0 HLODRelevant:1 ListedInSceneOutliner:1 IsMainWorldOnly:0
 |   |   |- [+] [ 26]
 |   |   |   |- Guid:8B45B5BD4B621BB731FE1381A1EBCCD1 BaseClass: NativeClass:/Script/Engine.StaticMeshActor Name:StaticMeshActor_UAID_40C2BA4F9FD3862B02_1373396512 Label:SM_Bld_FloorCurved_2x2_01P3 SpatiallyLoaded:1 Bounds:IsValid=true, Min=(X=-180.000 Y=-1500.000 Z=-10.000), Max=(X=20.000 Y=-1300.000 Z=0.000) RuntimeGrid:None EditorOnly:0 RuntimeOnly:0 HLODRelevant:1 ListedInSceneOutliner:1 IsMainWorldOnly:0
 |   |   |- [+] [ 27]
 |   |   |   |- Guid:8E1F1C75473E51FDF09F1BB1708F75BD BaseClass: NativeClass:/Script/Engine.StaticMeshActor Name:StaticMeshActor_UAID_40C2BA4F9FD3862B02_1603219528 Label:SM_Bld_WallCurved_2x2_01P3 SpatiallyLoaded:1 Bounds:IsValid=true, Min=(X=550.000 Y=480.000 Z=0.000), Max=(X=750.000 Y=680.000 Z=300.000) RuntimeGrid:None EditorOnly:0 RuntimeOnly:0 HLODRelevant:1 ListedInSceneOutliner:1 IsMainWorldOnly:0
 |   |   |- [+] [ 28]
 |   |   |   |- Guid:9272292F4D043D634BA7F38EB4B6A877 BaseClass: NativeClass:/Script/Engine.StaticMeshActor Name:StaticMeshActor_UAID_40C2BA4F9FD3862B02_1338629506 Label:SM_Bld_FloorCurved_1x1_01P3 SpatiallyLoaded:1 Bounds:IsValid=true, Min=(X=490.000 Y=-1300.000 Z=-10.000), Max=(X=590.000 Y=-1200.000 Z=0.000) RuntimeGrid:None EditorOnly:0 RuntimeOnly:0 HLODRelevant:1 ListedInSceneOutliner:1 IsMainWorldOnly:0
 |   |   |- [+] [ 29]
 |   |   |   |- Guid:C456D9CF4832F89931C269A58762F1C4 BaseClass: NativeClass:/Script/Engine.PostProcessVolume Name:PostProcessVolume_0 Label:PostProcessVolume SpatiallyLoaded:0 Bounds:IsValid=true, Min=(X=0.000 Y=0.000 Z=400.000), Max=(X=200.000 Y=200.000 Z=600.000) RuntimeGrid:None EditorOnly:0 RuntimeOnly:0 HLODRelevant:0 ListedInSceneOutliner:1 IsMainWorldOnly:0 FolderPath:Lighting FolderGuid:963EC3EB4002CCE9759E2EBA541A873A
 |   |   |- [+] [ 30]
 |   |   |   |- Guid:DA2174C64DC9FFA80B96B482B27B9745 BaseClass: NativeClass:/Script/Engine.StaticMeshActor Name:StaticMeshActor_UAID_40C2BA4F9FD3862B02_1524483521 Label:SM_Prop_Synty_Cube_01 SpatiallyLoaded:1 Bounds:IsValid=true, Min=(X=580.000 Y=-310.000 Z=-10.000), Max=(X=880.000 Y=-10.000 Z=290.000) RuntimeGrid:None EditorOnly:0 RuntimeOnly:0 HLODRelevant:1 ListedInSceneOutliner:1 IsMainWorldOnly:0
 |   |   |- [+] [ 31]
 |   |   |   |- Guid:DA99E6534F709819A71B0DBCA0AF4C13 BaseClass: NativeClass:/Script/Engine.StaticMeshActor Name:StaticMeshActor_UAID_40C2BA4F9FD3862B02_1569956524 Label:SM_Generic_Tree_03 SpatiallyLoaded:1 Bounds:IsValid=true, Min=(X=-889.857 Y=428.774 Z=-47.593), Max=(X=-370.144 Y=891.226 Z=1000.389) RuntimeGrid:None EditorOnly:0 RuntimeOnly:0 HLODRelevant:1 ListedInSceneOutliner:1 IsMainWorldOnly:0
 |   |   |- [+] [ 32]
 |   |   |   |- Guid:DB5263324AD138C2D7A76EA51C4C2979 BaseClass: NativeClass:/Script/Engine.StaticMeshActor Name:StaticMeshActor_UAID_40C2BA4F9FD3862B02_1553083523 Label:SM_Prop_Cone_01 SpatiallyLoaded:1 Bounds:IsValid=true, Min=(X=-333.291 Y=-463.297 Z=0.000), Max=(X=-106.699 Y=-236.702 Z=412.484) RuntimeGrid:None EditorOnly:0 RuntimeOnly:0 HLODRelevant:1 ListedInSceneOutliner:1 IsMainWorldOnly:0
 |   |   |- [+] [ 33]
 |   |   |   |- Guid:E7506BAE4C4061F1FD4B54B6DFC89AF2 BaseClass: NativeClass:/Script/Engine.StaticMeshActor Name:StaticMeshActor_UAID_A4AE111137DC5EFB00_1110535423 Label:SM_SkySphere SpatiallyLoaded:0 Bounds:IsValid=true, Min=(X=-1638400.000 Y=-1638400.000 Z=-1638400.000), Max=(X=1638400.000 Y=1638400.000 Z=1638400.000) RuntimeGrid:None EditorOnly:0 RuntimeOnly:0 HLODRelevant:0 ListedInSceneOutliner:1 IsMainWorldOnly:0 FolderPath:Lighting FolderGuid:963EC3EB4002CCE9759E2EBA541A873A
 |   |   |- [+] [ 34]
 |   |   |   |- Guid:EF6A4AA54C498581010414863CF524BA BaseClass: NativeClass:/Script/Engine.ExponentialHeightFog Name:ExponentialHeightFog_0 Label:ExponentialHeightFog SpatiallyLoaded:0 Bounds:IsValid=true, Min=(X=-5600.000 Y=-50.000 Z=-6850.000), Max=(X=-5600.000 Y=-50.000 Z=-6850.000) RuntimeGrid:None EditorOnly:0 RuntimeOnly:0 HLODRelevant:0 ListedInSceneOutliner:1 IsMainWorldOnly:0 FolderPath:Lighting FolderGuid:963EC3EB4002CCE9759E2EBA541A873A
 |   |   |- [+] [ 35]
 |   |   |   |- Guid:F864D13F491500E6906E8FBEAEBA4575 BaseClass: NativeClass:/Script/NavigationSystem.RecastNavMesh Name:RecastNavMesh_UAID_40C2BA4F9FD3862B02-Default Label:RecastNavMesh-Default SpatiallyLoaded:0 Bounds:IsValid=true, Min=(X=0.000 Y=0.000 Z=0.000), Max=(X=0.000 Y=0.000 Z=0.000) RuntimeGrid:None EditorOnly:0 RuntimeOnly:0 HLODRelevant:0 ListedInSceneOutliner:1 IsMainWorldOnly:0
 |   |   |- [+] [ 36]
 |   |   |   |- Guid:FA6091694E6CE2C141A4B28F6B1DC318 BaseClass:/Game/kth/BP_Enemy_1.BP_Enemy_1_C NativeClass:/Script/Engine.Character Name:Enemy_1_C_UAID_40C2BA4F9FD3862B02_1863381531 Label:Enemy_1 SpatiallyLoaded:1 Bounds:IsValid=true, Min=(X=-894.000 Y=-707.718 Z=-4.593), Max=(X=-826.000 Y=-408.401 Z=183.466) RuntimeGrid:None EditorOnly:0 RuntimeOnly:0 HLODRelevant:0 ListedInSceneOutliner:1 IsMainWorldOnly:0
 |- ContainerInstances:
 |- [+] MainContainer:
 |   |-        ID: 00000000000000000000000000000000
 |   |-  ParentID: 00000000000000000000000000000000
 |   |-    Bounds: IsValid=false, Min=(X=0.000 Y=0.000 Z=0.000), Max=(X=0.000 Y=0.000 Z=0.000)
 |   |- Transform: 0.000000,0.000000,0.000000|0.000000,0.000000,-0.000000|1.000000,1.000000,1.000000
 |   |- Container: /Game/kth/kth_map
----------------------------------------------------------------------------------------------------------------
kth_map - Persistent Level
----------------------------------------------------------------------------------------------------------------
[+] Content of kth_map Persistent Level
 |- Always loaded Actor Count: 37 
 |- Actor Path: /Game/kth/kth_map.kth_map:PersistentLevel.DirectionalLight_0
 |- Actor Package: /Game/__ExternalActors__/kth/kth_map/E/HH/XB1PI0KCEMZINHJQTM84B7
 |- Actor Path: /Game/kth/kth_map.kth_map:PersistentLevel.Enemy_1_C_UAID_40C2BA4F9FD3862B02_1863381531
 |- Actor Package: /Game/__ExternalActors__/kth/kth_map/3/TT/SXKJNH154V1XZRAELWWNQ6
 |- Actor Path: /Game/kth/kth_map.kth_map:PersistentLevel.ExponentialHeightFog_0
 |- Actor Package: /Game/__ExternalActors__/kth/kth_map/3/X3/0HRNBGXHH77T2DAL5DN2J3
 |- Actor Path: /Game/kth/kth_map.kth_map:PersistentLevel.Floor_C_UAID_40C2BA4F9FD3862B02_1198682494
 |- Actor Package: /Game/__ExternalActors__/kth/kth_map/9/NC/ZFIDDWB9VW57QKXXN7B3PJ
 |- Actor Path: /Game/kth/kth_map.kth_map:PersistentLevel.NavMeshBoundsVolume_UAID_40C2BA4F9FD3862B02_1639345530
 |- Actor Package: /Game/__ExternalActors__/kth/kth_map/1/2U/YZOMPK457KP85DB96XH6J2
 |- Actor Path: /Game/kth/kth_map.kth_map:PersistentLevel.PlayerStart_0
 |- Actor Package: /Game/__ExternalActors__/kth/kth_map/1/XJ/H3HVTGZ07HKZH6Z1K79CPK
 |- Actor Path: /Game/kth/kth_map.kth_map:PersistentLevel.PostProcessVolume_0
 |- Actor Package: /Game/__ExternalActors__/kth/kth_map/0/UZ/WZM0190WAB4D8ZWZ96YAMZ
 |- Actor Path: /Game/kth/kth_map.kth_map:PersistentLevel.RecastNavMesh_UAID_40C2BA4F9FD3862B02-Default
 |- Actor Package: /Game/__ExternalActors__/kth/kth_map/C/WJ/JBVZIQBNJOQIC1QYX5CICM
 |- Actor Path: /Game/kth/kth_map.kth_map:PersistentLevel.SkyAtmosphere_0
 |- Actor Package: /Game/__ExternalActors__/kth/kth_map/2/Z9/MXLM5TZ0PQTTTLRFW5UMJ7
 |- Actor Path: /Game/kth/kth_map.kth_map:PersistentLevel.SkyLight_1
 |- Actor Package: /Game/__ExternalActors__/kth/kth_map/F/1L/9MVWIBDCFLOR15KP41AO6Q
 |- Actor Path: /Game/kth/kth_map.kth_map:PersistentLevel.StaticMeshActor_UAID_40C2BA4F9FD3862B02_1256502496
 |- Actor Package: /Game/__ExternalActors__/kth/kth_map/8/32/RM4SYMMUCQA1Y6KHNVDNYR
 |- Actor Path: /Game/kth/kth_map.kth_map:PersistentLevel.StaticMeshActor_UAID_40C2BA4F9FD3862B02_1266405497
 |- Actor Package: /Game/__ExternalActors__/kth/kth_map/5/PM/NEI9GZBW21WNA03OS6F6WF
 |- Actor Path: /Game/kth/kth_map.kth_map:PersistentLevel.StaticMeshActor_UAID_40C2BA4F9FD3862B02_1269726498
 |- Actor Package: /Game/__ExternalActors__/kth/kth_map/C/6P/EVQWLJE9L3M6V2768W6TYM
 |- Actor Path: /Game/kth/kth_map.kth_map:PersistentLevel.StaticMeshActor_UAID_40C2BA4F9FD3862B02_1284676499
 |- Actor Package: /Game/__ExternalActors__/kth/kth_map/D/Q4/XY57U6UDIK1X9M3ARWO637
 |- Actor Path: /Game/kth/kth_map.kth_map:PersistentLevel.StaticMeshActor_UAID_40C2BA4F9FD3862B02_1314380503
 |- Actor Package: /Game/__ExternalActors__/kth/kth_map/9/T3/L834LMQ4JH31I8SM8D0616
 |- Actor Path: /Game/kth/kth_map.kth_map:PersistentLevel.StaticMeshActor_UAID_40C2BA4F9FD3862B02_1324564505
 |- Actor Package: /Game/__ExternalActors__/kth/kth_map/5/ZZ/74MQ71P35ZFDVFMU6YSMFC
 |- Actor Path: /Game/kth/kth_map.kth_map:PersistentLevel.StaticMeshActor_UAID_40C2BA4F9FD3862B02_1338629506
 |- Actor Package: /Game/__ExternalActors__/kth/kth_map/6/Z5/WNR4H4B4D9GXHTA7P7JBJO
 |- Actor Path: /Game/kth/kth_map.kth_map:PersistentLevel.StaticMeshActor_UAID_40C2BA4F9FD3862B02_1339922507
 |- Actor Package: /Game/__ExternalActors__/kth/kth_map/2/XK/C9WO6GW2SGCTV6E85GP3K8
 |- Actor Path: /Game/kth/kth_map.kth_map:PersistentLevel.StaticMeshActor_UAID_40C2BA4F9FD3862B02_1340488508
 |- Actor Package: /Game/__ExternalActors__/kth/kth_map/3/JR/PC5EHE782OU37WP5AYRB2K
 |- Actor Path: /Game/kth/kth_map.kth_map:PersistentLevel.StaticMeshActor_UAID_40C2BA4F9FD3862B02_1366327510
 |- Actor Package: /Game/__ExternalActors__/kth/kth_map/C/10/O9J299VLIXN38DPM9JZZF3
 |- Actor Path: /Game/kth/kth_map.kth_map:PersistentLevel.StaticMeshActor_UAID_40C2BA4F9FD3862B02_1372969511
 |- Actor Package: /Game/__ExternalActors__/kth/kth_map/C/GU/ZI8HR3Z7F3LNRMF9H3A5S0
 |- Actor Path: /Game/kth/kth_map.kth_map:PersistentLevel.StaticMeshActor_UAID_40C2BA4F9FD3862B02_1373396512
 |- Actor Package: /Game/__ExternalActors__/kth/kth_map/0/PB/QMWPK802TH9PZYFGZ5559F
 |- Actor Path: /Game/kth/kth_map.kth_map:PersistentLevel.StaticMeshActor_UAID_40C2BA4F9FD3862B02_1373817513
 |- Actor Package: /Game/__ExternalActors__/kth/kth_map/1/7C/6LIG5CHSPYZPJIX0E4TB6T
 |- Actor Path: /Game/kth/kth_map.kth_map:PersistentLevel.StaticMeshActor_UAID_40C2BA4F9FD3862B02_1494271519
 |- Actor Package: /Game/__ExternalActors__/kth/kth_map/3/Z3/KP38HUCQ7R0LGYFFVI7LO7
 |- Actor Path: /Game/kth/kth_map.kth_map:PersistentLevel.StaticMeshActor_UAID_40C2BA4F9FD3862B02_1499712520
 |- Actor Package: /Game/__ExternalActors__/kth/kth_map/0/14/DWN33RHRK5ZG6OZSATPZKP
 |- Actor Path: /Game/kth/kth_map.kth_map:PersistentLevel.StaticMeshActor_UAID_40C2BA4F9FD3862B02_1524483521
 |- Actor Package: /Game/__ExternalActors__/kth/kth_map/B/5I/JY737OZVVXY48XVD1FNUPE
 |- Actor Path: /Game/kth/kth_map.kth_map:PersistentLevel.StaticMeshActor_UAID_40C2BA4F9FD3862B02_1544867522
 |- Actor Package: /Game/__ExternalActors__/kth/kth_map/A/P2/ZN0XPRCDDYVTA6CB1ZVPWI
 |- Actor Path: /Game/kth/kth_map.kth_map:PersistentLevel.StaticMeshActor_UAID_40C2BA4F9FD3862B02_1553083523
 |- Actor Package: /Game/__ExternalActors__/kth/kth_map/C/WJ/6B11SAO1DWX8AJCVYAYPGT
 |- Actor Path: /Game/kth/kth_map.kth_map:PersistentLevel.StaticMeshActor_UAID_40C2BA4F9FD3862B02_1569956524
 |- Actor Package: /Game/__ExternalActors__/kth/kth_map/0/XH/7U31WN13MY7ZG7WYKTIPAN
 |- Actor Path: /Game/kth/kth_map.kth_map:PersistentLevel.StaticMeshActor_UAID_40C2BA4F9FD3862B02_1589781525
 |- Actor Package: /Game/__ExternalActors__/kth/kth_map/1/LA/J39YA5WA1PHWVQTQ3S84XQ
 |- Actor Path: /Game/kth/kth_map.kth_map:PersistentLevel.StaticMeshActor_UAID_40C2BA4F9FD3862B02_1599045526
 |- Actor Package: /Game/__ExternalActors__/kth/kth_map/E/SB/MCEFKRKIRKWQI7TL3LM9ML
 |- Actor Path: /Game/kth/kth_map.kth_map:PersistentLevel.StaticMeshActor_UAID_40C2BA4F9FD3862B02_1602321527
 |- Actor Package: /Game/__ExternalActors__/kth/kth_map/6/LU/J0BNE3C6DFZ2P74D8JYPHB
 |- Actor Path: /Game/kth/kth_map.kth_map:PersistentLevel.StaticMeshActor_UAID_40C2BA4F9FD3862B02_1603219528
 |- Actor Package: /Game/__ExternalActors__/kth/kth_map/4/MD/ME1O2H1VML9VSJ46G5BJ5M
 |- Actor Path: /Game/kth/kth_map.kth_map:PersistentLevel.StaticMeshActor_UAID_A4AE111137DC5EFB00_1110535423
 |- Actor Package: /Game/__ExternalActors__/kth/kth_map/F/12/IHZHQPHA61GKOCE81A5QYU
 |- Actor Path: /Game/kth/kth_map.kth_map:PersistentLevel.ThirdPersonCharacter_C_UAID_40C2BA4F9FD38C2B02_1378906543
 |- Actor Package: /Game/__ExternalActors__/kth/kth_map/1/S3/6DPUZ3Z5GGBT3Q4MYJKQPV
 |- Actor Path: /Game/kth/kth_map.kth_map:PersistentLevel.VolumetricCloud_0
 |- Actor Package: /Game/__ExternalActors__/kth/kth_map/3/MB/R11STIUXR2QZTRS7WKZ54W
 |- Actor Path: /Game/kth/kth_map.kth_map:PersistentLevel.WorldDataLayers
 |- Actor Package: /Game/__ExternalActors__/kth/kth_map/2/MX/V6AEBXD0YHHPHO61PG1AYD

----------------------------------------------------------------------------------------------------------------
kth_map - Runtime Hash Set
----------------------------------------------------------------------------------------------------------------

