[+] Containers:
 |- [+] Container: /Game/kth/kth_map
 |   |- [+] ActorDescs:
 |   |   |- Guid:04E70AE74769E9619212EFB88EDA8003 BaseClass: NativeClass:/Script/Engine.StaticMeshActor Name:StaticMeshActor_UAID_40C2BA4F9FD3862B02_1314380503 Label:SM_Bld_Block_1x1_01P SpatiallyLoaded:1 Bounds:IsValid=true, Min=(X=300.000 Y=-390.000 Z=0.000), Max=(X=400.000 Y=-290.000 Z=100.000) RuntimeGrid:None EditorOnly:0 RuntimeOnly:0 HLODRelevant:1 ListedInSceneOutliner:1 IsMainWorldOnly:0
 |   |   |- Guid:05450FC442B2527E73FCEB9D3F47FFFA BaseClass: NativeClass:/Script/Engine.StaticMeshActor Name:StaticMeshActor_UAID_40C2BA4F9FD3862B02_1324564505 Label:SM_Bld_FloorCurved_1x1_01P2 SpatiallyLoaded:1 Bounds:IsValid=true, Min=(X=390.000 Y=-1300.000 Z=-10.000), Max=(X=490.000 Y=-1200.000 Z=0.000) RuntimeGrid:None EditorOnly:0 RuntimeOnly:0 HLODRelevant:1 ListedInSceneOutliner:1 IsMainWorldOnly:0
 |   |   |- Guid:09E1086A40BA64D7E7F701B10B3E3928 BaseClass: NativeClass:/Script/Engine.StaticMeshActor Name:StaticMeshActor_UAID_40C2BA4F9FD3862B02_1269726498 Label:SM_Bld_Ramp_45_1x1_01P2 SpatiallyLoaded:1 Bounds:IsValid=true, Min=(X=230.000 Y=160.000 Z=200.000), Max=(X=330.000 Y=260.000 Z=300.000) RuntimeGrid:None EditorOnly:0 RuntimeOnly:0 HLODRelevant:1 ListedInSceneOutliner:1 IsMainWorldOnly:0
 |   |   |- Guid:0C0C0ACB4C316DF93F3D1DB51011C1C8 BaseClass: NativeClass:/Script/Engine.StaticMeshActor Name:StaticMeshActor_UAID_40C2BA4F9FD3862B02_1373817513 Label:SM_Bld_FloorCurved_2x2_01P4 SpatiallyLoaded:1 Bounds:IsValid=true, Min=(X=-180.000 Y=-1300.000 Z=-10.000), Max=(X=20.000 Y=-1100.000 Z=0.000) RuntimeGrid:None EditorOnly:0 RuntimeOnly:0 HLODRelevant:1 ListedInSceneOutliner:1 IsMainWorldOnly:0
 |   |   |- Guid:14EB28A243AEDD011C9875B7B6B4408F BaseClass: NativeClass:/Script/Engine.StaticMeshActor Name:StaticMeshActor_UAID_40C2BA4F9FD3862B02_1299544501 Label:SM_Bld_Ramp_45_1x1_01P5 SpatiallyLoaded:1 Bounds:IsValid=true, Min=(X=-190.000 Y=160.000 Z=200.000), Max=(X=-90.000 Y=260.000 Z=300.000) RuntimeGrid:None EditorOnly:0 RuntimeOnly:0 HLODRelevant:1 ListedInSceneOutliner:1 IsMainWorldOnly:0
 |   |   |- Guid:16194B5F4295197ECB1AF19F56BEC7A2 BaseClass: NativeClass:/Script/Engine.DirectionalLight Name:DirectionalLight_0 Label:DirectionalLight SpatiallyLoaded:0 Bounds:Invalid RuntimeGrid:None EditorOnly:0 RuntimeOnly:0 HLODRelevant:0 ListedInSceneOutliner:1 IsMainWorldOnly:0 FolderPath:Lighting FolderGuid:963EC3EB4002CCE9759E2EBA541A873A
 |   |   |- Guid:306244FF40DC15AB8FD4CD8B74058F1A BaseClass: NativeClass:/Script/Engine.StaticMeshActor Name:StaticMeshActor_UAID_40C2BA4F9FD3862B02_1340488508 Label:SM_Bld_FloorCurved_1x1_01P5 SpatiallyLoaded:1 Bounds:IsValid=true, Min=(X=390.000 Y=-1200.000 Z=-10.000), Max=(X=490.000 Y=-1100.000 Z=0.000) RuntimeGrid:None EditorOnly:0 RuntimeOnly:0 HLODRelevant:1 ListedInSceneOutliner:1 IsMainWorldOnly:0
 |   |   |- Guid:3125A047420232D76C951090B7A77772 BaseClass:/Game/kth/Floor.Floor_C NativeClass:/Script/Engine.Actor Name:Floor_C_UAID_40C2BA4F9FD3862B02_1198682494 Label:Floor SpatiallyLoaded:1 Bounds:IsValid=true, Min=(X=-1000.000 Y=-1000.000 Z=-10.000), Max=(X=1000.000 Y=999.998 Z=0.000) RuntimeGrid:None EditorOnly:0 RuntimeOnly:0 HLODRelevant:0 ListedInSceneOutliner:1 IsMainWorldOnly:0
 |   |   |- Guid:320CD45C48F7ECE473F21CBF315306C2 BaseClass: NativeClass:/Script/Engine.StaticMeshActor Name:StaticMeshActor_UAID_40C2BA4F9FD3862B02_1372969511 Label:SM_Bld_FloorCurved_2x2_01P2 SpatiallyLoaded:1 Bounds:IsValid=true, Min=(X=-380.000 Y=-1500.000 Z=-10.000), Max=(X=-180.000 Y=-1300.000 Z=0.000) RuntimeGrid:None EditorOnly:0 RuntimeOnly:0 HLODRelevant:1 ListedInSceneOutliner:1 IsMainWorldOnly:0
 |   |   |- Guid:43039AF54F0B0D718C040AB8B0033A7E BaseClass: NativeClass:/Script/Engine.StaticMeshActor Name:StaticMeshActor_UAID_40C2BA4F9FD3862B02_1266405497 Label:SM_Bld_Ramp_45_1x1_01P SpatiallyLoaded:1 Bounds:IsValid=true, Min=(X=230.000 Y=360.000 Z=0.000), Max=(X=330.000 Y=460.000 Z=100.000) RuntimeGrid:None EditorOnly:0 RuntimeOnly:0 HLODRelevant:1 ListedInSceneOutliner:1 IsMainWorldOnly:0
 |   |   |- Guid:4921B1AD4A8B6D335F1599B1D69CDB1C BaseClass: NativeClass:/Script/Engine.StaticMeshActor Name:StaticMeshActor_UAID_40C2BA4F9FD3862B02_1339922507 Label:SM_Bld_FloorCurved_1x1_01P4 SpatiallyLoaded:1 Bounds:IsValid=true, Min=(X=490.000 Y=-1200.000 Z=-10.000), Max=(X=590.000 Y=-1100.000 Z=0.000) RuntimeGrid:None EditorOnly:0 RuntimeOnly:0 HLODRelevant:1 ListedInSceneOutliner:1 IsMainWorldOnly:0
 |   |   |- Guid:4B3B6A54423B3A756545CE82F375D6D8 BaseClass: NativeClass:/Script/Engine.StaticMeshActor Name:StaticMeshActor_UAID_40C2BA4F9FD3862B02_1256502496 Label:SM_Bld_WallDoorDouble_5x3_01P SpatiallyLoaded:1 Bounds:IsValid=true, Min=(X=-180.000 Y=146.355 Z=0.000), Max=(X=320.000 Y=163.645 Z=300.000) RuntimeGrid:None EditorOnly:0 RuntimeOnly:0 HLODRelevant:1 ListedInSceneOutliner:1 IsMainWorldOnly:0
 |   |   |- Guid:4D3FBC0642672EDC8892FEA84C0456FD BaseClass: NativeClass:/Script/Engine.PlayerStart Name:PlayerStart_0 Label:PlayerStart SpatiallyLoaded:0 Bounds:IsValid=true, Min=(X=-40.000 Y=-40.000 Z=18.000), Max=(X=40.000 Y=40.000 Z=202.000) RuntimeGrid:None EditorOnly:0 RuntimeOnly:0 HLODRelevant:0 ListedInSceneOutliner:1 IsMainWorldOnly:0
 |   |   |- Guid:546A19E7459AED37B43A458DCAF15806 BaseClass: NativeClass:/Script/Engine.SkyLight Name:SkyLight_1 Label:SkyLight SpatiallyLoaded:0 Bounds:IsValid=true, Min=(X=0.000 Y=0.000 Z=690.000), Max=(X=0.000 Y=0.000 Z=690.000) RuntimeGrid:None EditorOnly:0 RuntimeOnly:0 HLODRelevant:0 ListedInSceneOutliner:1 IsMainWorldOnly:0 FolderPath:Lighting FolderGuid:963EC3EB4002CCE9759E2EBA541A873A
 |   |   |- Guid:61D1E0FB42524155C8880EB7AE1A8FA2 BaseClass: NativeClass:/Script/Engine.VolumetricCloud Name:VolumetricCloud_0 Label:VolumetricCloud SpatiallyLoaded:0 Bounds:IsValid=true, Min=(X=0.000 Y=0.000 Z=820.000), Max=(X=0.000 Y=0.000 Z=820.000) RuntimeGrid:None EditorOnly:0 RuntimeOnly:0 HLODRelevant:0 ListedInSceneOutliner:1 IsMainWorldOnly:0 FolderPath:Lighting FolderGuid:963EC3EB4002CCE9759E2EBA541A873A
 |   |   |- Guid:644175164F4DAC5A5ED7679ACCCDD6BF BaseClass: NativeClass:/Script/Engine.WorldDataLayers Name:WorldDataLayers Label:WorldDataLayers SpatiallyLoaded:0 Bounds:Invalid RuntimeGrid:None EditorOnly:0 RuntimeOnly:0 HLODRelevant:0 ListedInSceneOutliner:1 IsMainWorldOnly:1
 |   |   |- Guid:6890752D4C3FDF9DF7E612BC542568B4 BaseClass: NativeClass:/Script/Engine.StaticMeshActor Name:StaticMeshActor_UAID_40C2BA4F9FD3862B02_1284676499 Label:SM_Bld_Ramp_45_1x1_01P3 SpatiallyLoaded:1 Bounds:IsValid=true, Min=(X=230.000 Y=260.000 Z=100.000), Max=(X=330.000 Y=360.000 Z=200.000) RuntimeGrid:None EditorOnly:0 RuntimeOnly:0 HLODRelevant:1 ListedInSceneOutliner:1 IsMainWorldOnly:0
 |   |   |- Guid:7E11D9134FB82196CD93C4AA95F95F92 BaseClass: NativeClass:/Script/Engine.SkyAtmosphere Name:SkyAtmosphere_0 Label:SkyAtmosphere SpatiallyLoaded:0 Bounds:IsValid=true, Min=(X=0.000 Y=0.000 Z=1020.000), Max=(X=0.000 Y=0.000 Z=1020.000) RuntimeGrid:None EditorOnly:0 RuntimeOnly:0 HLODRelevant:0 ListedInSceneOutliner:1 IsMainWorldOnly:0 FolderPath:Lighting FolderGuid:963EC3EB4002CCE9759E2EBA541A873A
 |   |   |- Guid:80B8BECB48355FF5D562F8BA62FBF70A BaseClass: NativeClass:/Script/Engine.StaticMeshActor Name:StaticMeshActor_UAID_40C2BA4F9FD3862B02_1366327510 Label:SM_Bld_FloorCurved_2x2_01P SpatiallyLoaded:1 Bounds:IsValid=true, Min=(X=-380.000 Y=-1300.000 Z=-10.000), Max=(X=-180.000 Y=-1100.000 Z=0.000) RuntimeGrid:None EditorOnly:0 RuntimeOnly:0 HLODRelevant:1 ListedInSceneOutliner:1 IsMainWorldOnly:0
 |   |   |- Guid:8B45B5BD4B621BB731FE1381A1EBCCD1 BaseClass: NativeClass:/Script/Engine.StaticMeshActor Name:StaticMeshActor_UAID_40C2BA4F9FD3862B02_1373396512 Label:SM_Bld_FloorCurved_2x2_01P3 SpatiallyLoaded:1 Bounds:IsValid=true, Min=(X=-180.000 Y=-1500.000 Z=-10.000), Max=(X=20.000 Y=-1300.000 Z=0.000) RuntimeGrid:None EditorOnly:0 RuntimeOnly:0 HLODRelevant:1 ListedInSceneOutliner:1 IsMainWorldOnly:0
 |   |   |- Guid:9272292F4D043D634BA7F38EB4B6A877 BaseClass: NativeClass:/Script/Engine.StaticMeshActor Name:StaticMeshActor_UAID_40C2BA4F9FD3862B02_1338629506 Label:SM_Bld_FloorCurved_1x1_01P3 SpatiallyLoaded:1 Bounds:IsValid=true, Min=(X=490.000 Y=-1300.000 Z=-10.000), Max=(X=590.000 Y=-1200.000 Z=0.000) RuntimeGrid:None EditorOnly:0 RuntimeOnly:0 HLODRelevant:1 ListedInSceneOutliner:1 IsMainWorldOnly:0
 |   |   |- Guid:C456D9CF4832F89931C269A58762F1C4 BaseClass: NativeClass:/Script/Engine.PostProcessVolume Name:PostProcessVolume_0 Label:PostProcessVolume SpatiallyLoaded:0 Bounds:IsValid=true, Min=(X=0.000 Y=0.000 Z=400.000), Max=(X=200.000 Y=200.000 Z=600.000) RuntimeGrid:None EditorOnly:0 RuntimeOnly:0 HLODRelevant:0 ListedInSceneOutliner:1 IsMainWorldOnly:0 FolderPath:Lighting FolderGuid:963EC3EB4002CCE9759E2EBA541A873A
 |   |   |- Guid:D12C5B9C4942320092D75AA634F6407D BaseClass: NativeClass:/Script/Engine.StaticMeshActor Name:StaticMeshActor_UAID_40C2BA4F9FD3862B02_1299546502 Label:SM_Bld_Ramp_45_1x1_01P6 SpatiallyLoaded:1 Bounds:IsValid=true, Min=(X=-190.000 Y=260.000 Z=100.000), Max=(X=-90.000 Y=360.000 Z=200.000) RuntimeGrid:None EditorOnly:0 RuntimeOnly:0 HLODRelevant:1 ListedInSceneOutliner:1 IsMainWorldOnly:0
 |   |   |- Guid:D844A24B486D16629EDB1F8E4BDBA948 BaseClass: NativeClass:/Script/Engine.StaticMeshActor Name:StaticMeshActor_UAID_40C2BA4F9FD3862B02_1299542500 Label:SM_Bld_Ramp_45_1x1_01P4 SpatiallyLoaded:1 Bounds:IsValid=true, Min=(X=-190.000 Y=360.000 Z=0.000), Max=(X=-90.000 Y=460.000 Z=100.000) RuntimeGrid:None EditorOnly:0 RuntimeOnly:0 HLODRelevant:1 ListedInSceneOutliner:1 IsMainWorldOnly:0
 |   |   |- Guid:E7506BAE4C4061F1FD4B54B6DFC89AF2 BaseClass: NativeClass:/Script/Engine.StaticMeshActor Name:StaticMeshActor_UAID_A4AE111137DC5EFB00_1110535423 Label:SM_SkySphere SpatiallyLoaded:0 Bounds:IsValid=true, Min=(X=-1638400.000 Y=-1638400.000 Z=-1638400.000), Max=(X=1638400.000 Y=1638400.000 Z=1638400.000) RuntimeGrid:None EditorOnly:0 RuntimeOnly:0 HLODRelevant:0 ListedInSceneOutliner:1 IsMainWorldOnly:0 FolderPath:Lighting FolderGuid:963EC3EB4002CCE9759E2EBA541A873A
 |   |   |- Guid:EF6A4AA54C498581010414863CF524BA BaseClass: NativeClass:/Script/Engine.ExponentialHeightFog Name:ExponentialHeightFog_0 Label:ExponentialHeightFog SpatiallyLoaded:0 Bounds:IsValid=true, Min=(X=-5600.000 Y=-50.000 Z=-6850.000), Max=(X=-5600.000 Y=-50.000 Z=-6850.000) RuntimeGrid:None EditorOnly:0 RuntimeOnly:0 HLODRelevant:0 ListedInSceneOutliner:1 IsMainWorldOnly:0 FolderPath:Lighting FolderGuid:963EC3EB4002CCE9759E2EBA541A873A
 |   |- [+] Clusters:
 |   |   |- [+] [  0]
 |   |   |   |- Guid:04E70AE74769E9619212EFB88EDA8003 BaseClass: NativeClass:/Script/Engine.StaticMeshActor Name:StaticMeshActor_UAID_40C2BA4F9FD3862B02_1314380503 Label:SM_Bld_Block_1x1_01P SpatiallyLoaded:1 Bounds:IsValid=true, Min=(X=300.000 Y=-390.000 Z=0.000), Max=(X=400.000 Y=-290.000 Z=100.000) RuntimeGrid:None EditorOnly:0 RuntimeOnly:0 HLODRelevant:1 ListedInSceneOutliner:1 IsMainWorldOnly:0
 |   |   |- [+] [  1]
 |   |   |   |- Guid:05450FC442B2527E73FCEB9D3F47FFFA BaseClass: NativeClass:/Script/Engine.StaticMeshActor Name:StaticMeshActor_UAID_40C2BA4F9FD3862B02_1324564505 Label:SM_Bld_FloorCurved_1x1_01P2 SpatiallyLoaded:1 Bounds:IsValid=true, Min=(X=390.000 Y=-1300.000 Z=-10.000), Max=(X=490.000 Y=-1200.000 Z=0.000) RuntimeGrid:None EditorOnly:0 RuntimeOnly:0 HLODRelevant:1 ListedInSceneOutliner:1 IsMainWorldOnly:0
 |   |   |- [+] [  2]
 |   |   |   |- Guid:09E1086A40BA64D7E7F701B10B3E3928 BaseClass: NativeClass:/Script/Engine.StaticMeshActor Name:StaticMeshActor_UAID_40C2BA4F9FD3862B02_1269726498 Label:SM_Bld_Ramp_45_1x1_01P2 SpatiallyLoaded:1 Bounds:IsValid=true, Min=(X=230.000 Y=160.000 Z=200.000), Max=(X=330.000 Y=260.000 Z=300.000) RuntimeGrid:None EditorOnly:0 RuntimeOnly:0 HLODRelevant:1 ListedInSceneOutliner:1 IsMainWorldOnly:0
 |   |   |- [+] [  3]
 |   |   |   |- Guid:0C0C0ACB4C316DF93F3D1DB51011C1C8 BaseClass: NativeClass:/Script/Engine.StaticMeshActor Name:StaticMeshActor_UAID_40C2BA4F9FD3862B02_1373817513 Label:SM_Bld_FloorCurved_2x2_01P4 SpatiallyLoaded:1 Bounds:IsValid=true, Min=(X=-180.000 Y=-1300.000 Z=-10.000), Max=(X=20.000 Y=-1100.000 Z=0.000) RuntimeGrid:None EditorOnly:0 RuntimeOnly:0 HLODRelevant:1 ListedInSceneOutliner:1 IsMainWorldOnly:0
 |   |   |- [+] [  4]
 |   |   |   |- Guid:14EB28A243AEDD011C9875B7B6B4408F BaseClass: NativeClass:/Script/Engine.StaticMeshActor Name:StaticMeshActor_UAID_40C2BA4F9FD3862B02_1299544501 Label:SM_Bld_Ramp_45_1x1_01P5 SpatiallyLoaded:1 Bounds:IsValid=true, Min=(X=-190.000 Y=160.000 Z=200.000), Max=(X=-90.000 Y=260.000 Z=300.000) RuntimeGrid:None EditorOnly:0 RuntimeOnly:0 HLODRelevant:1 ListedInSceneOutliner:1 IsMainWorldOnly:0
 |   |   |- [+] [  5]
 |   |   |   |- Guid:16194B5F4295197ECB1AF19F56BEC7A2 BaseClass: NativeClass:/Script/Engine.DirectionalLight Name:DirectionalLight_0 Label:DirectionalLight SpatiallyLoaded:0 Bounds:Invalid RuntimeGrid:None EditorOnly:0 RuntimeOnly:0 HLODRelevant:0 ListedInSceneOutliner:1 IsMainWorldOnly:0 FolderPath:Lighting FolderGuid:963EC3EB4002CCE9759E2EBA541A873A
 |   |   |- [+] [  6]
 |   |   |   |- Guid:306244FF40DC15AB8FD4CD8B74058F1A BaseClass: NativeClass:/Script/Engine.StaticMeshActor Name:StaticMeshActor_UAID_40C2BA4F9FD3862B02_1340488508 Label:SM_Bld_FloorCurved_1x1_01P5 SpatiallyLoaded:1 Bounds:IsValid=true, Min=(X=390.000 Y=-1200.000 Z=-10.000), Max=(X=490.000 Y=-1100.000 Z=0.000) RuntimeGrid:None EditorOnly:0 RuntimeOnly:0 HLODRelevant:1 ListedInSceneOutliner:1 IsMainWorldOnly:0
 |   |   |- [+] [  7]
 |   |   |   |- Guid:3125A047420232D76C951090B7A77772 BaseClass:/Game/kth/Floor.Floor_C NativeClass:/Script/Engine.Actor Name:Floor_C_UAID_40C2BA4F9FD3862B02_1198682494 Label:Floor SpatiallyLoaded:1 Bounds:IsValid=true, Min=(X=-1000.000 Y=-1000.000 Z=-10.000), Max=(X=1000.000 Y=999.998 Z=0.000) RuntimeGrid:None EditorOnly:0 RuntimeOnly:0 HLODRelevant:0 ListedInSceneOutliner:1 IsMainWorldOnly:0
 |   |   |- [+] [  8]
 |   |   |   |- Guid:320CD45C48F7ECE473F21CBF315306C2 BaseClass: NativeClass:/Script/Engine.StaticMeshActor Name:StaticMeshActor_UAID_40C2BA4F9FD3862B02_1372969511 Label:SM_Bld_FloorCurved_2x2_01P2 SpatiallyLoaded:1 Bounds:IsValid=true, Min=(X=-380.000 Y=-1500.000 Z=-10.000), Max=(X=-180.000 Y=-1300.000 Z=0.000) RuntimeGrid:None EditorOnly:0 RuntimeOnly:0 HLODRelevant:1 ListedInSceneOutliner:1 IsMainWorldOnly:0
 |   |   |- [+] [  9]
 |   |   |   |- Guid:43039AF54F0B0D718C040AB8B0033A7E BaseClass: NativeClass:/Script/Engine.StaticMeshActor Name:StaticMeshActor_UAID_40C2BA4F9FD3862B02_1266405497 Label:SM_Bld_Ramp_45_1x1_01P SpatiallyLoaded:1 Bounds:IsValid=true, Min=(X=230.000 Y=360.000 Z=0.000), Max=(X=330.000 Y=460.000 Z=100.000) RuntimeGrid:None EditorOnly:0 RuntimeOnly:0 HLODRelevant:1 ListedInSceneOutliner:1 IsMainWorldOnly:0
 |   |   |- [+] [ 10]
 |   |   |   |- Guid:4921B1AD4A8B6D335F1599B1D69CDB1C BaseClass: NativeClass:/Script/Engine.StaticMeshActor Name:StaticMeshActor_UAID_40C2BA4F9FD3862B02_1339922507 Label:SM_Bld_FloorCurved_1x1_01P4 SpatiallyLoaded:1 Bounds:IsValid=true, Min=(X=490.000 Y=-1200.000 Z=-10.000), Max=(X=590.000 Y=-1100.000 Z=0.000) RuntimeGrid:None EditorOnly:0 RuntimeOnly:0 HLODRelevant:1 ListedInSceneOutliner:1 IsMainWorldOnly:0
 |   |   |- [+] [ 11]
 |   |   |   |- Guid:4B3B6A54423B3A756545CE82F375D6D8 BaseClass: NativeClass:/Script/Engine.StaticMeshActor Name:StaticMeshActor_UAID_40C2BA4F9FD3862B02_1256502496 Label:SM_Bld_WallDoorDouble_5x3_01P SpatiallyLoaded:1 Bounds:IsValid=true, Min=(X=-180.000 Y=146.355 Z=0.000), Max=(X=320.000 Y=163.645 Z=300.000) RuntimeGrid:None EditorOnly:0 RuntimeOnly:0 HLODRelevant:1 ListedInSceneOutliner:1 IsMainWorldOnly:0
 |   |   |- [+] [ 12]
 |   |   |   |- Guid:4D3FBC0642672EDC8892FEA84C0456FD BaseClass: NativeClass:/Script/Engine.PlayerStart Name:PlayerStart_0 Label:PlayerStart SpatiallyLoaded:0 Bounds:IsValid=true, Min=(X=-40.000 Y=-40.000 Z=18.000), Max=(X=40.000 Y=40.000 Z=202.000) RuntimeGrid:None EditorOnly:0 RuntimeOnly:0 HLODRelevant:0 ListedInSceneOutliner:1 IsMainWorldOnly:0
 |   |   |- [+] [ 13]
 |   |   |   |- Guid:546A19E7459AED37B43A458DCAF15806 BaseClass: NativeClass:/Script/Engine.SkyLight Name:SkyLight_1 Label:SkyLight SpatiallyLoaded:0 Bounds:IsValid=true, Min=(X=0.000 Y=0.000 Z=690.000), Max=(X=0.000 Y=0.000 Z=690.000) RuntimeGrid:None EditorOnly:0 RuntimeOnly:0 HLODRelevant:0 ListedInSceneOutliner:1 IsMainWorldOnly:0 FolderPath:Lighting FolderGuid:963EC3EB4002CCE9759E2EBA541A873A
 |   |   |- [+] [ 14]
 |   |   |   |- Guid:61D1E0FB42524155C8880EB7AE1A8FA2 BaseClass: NativeClass:/Script/Engine.VolumetricCloud Name:VolumetricCloud_0 Label:VolumetricCloud SpatiallyLoaded:0 Bounds:IsValid=true, Min=(X=0.000 Y=0.000 Z=820.000), Max=(X=0.000 Y=0.000 Z=820.000) RuntimeGrid:None EditorOnly:0 RuntimeOnly:0 HLODRelevant:0 ListedInSceneOutliner:1 IsMainWorldOnly:0 FolderPath:Lighting FolderGuid:963EC3EB4002CCE9759E2EBA541A873A
 |   |   |- [+] [ 15]
 |   |   |   |- Guid:644175164F4DAC5A5ED7679ACCCDD6BF BaseClass: NativeClass:/Script/Engine.WorldDataLayers Name:WorldDataLayers Label:WorldDataLayers SpatiallyLoaded:0 Bounds:Invalid RuntimeGrid:None EditorOnly:0 RuntimeOnly:0 HLODRelevant:0 ListedInSceneOutliner:1 IsMainWorldOnly:1
 |   |   |- [+] [ 16]
 |   |   |   |- Guid:6890752D4C3FDF9DF7E612BC542568B4 BaseClass: NativeClass:/Script/Engine.StaticMeshActor Name:StaticMeshActor_UAID_40C2BA4F9FD3862B02_1284676499 Label:SM_Bld_Ramp_45_1x1_01P3 SpatiallyLoaded:1 Bounds:IsValid=true, Min=(X=230.000 Y=260.000 Z=100.000), Max=(X=330.000 Y=360.000 Z=200.000) RuntimeGrid:None EditorOnly:0 RuntimeOnly:0 HLODRelevant:1 ListedInSceneOutliner:1 IsMainWorldOnly:0
 |   |   |- [+] [ 17]
 |   |   |   |- Guid:7E11D9134FB82196CD93C4AA95F95F92 BaseClass: NativeClass:/Script/Engine.SkyAtmosphere Name:SkyAtmosphere_0 Label:SkyAtmosphere SpatiallyLoaded:0 Bounds:IsValid=true, Min=(X=0.000 Y=0.000 Z=1020.000), Max=(X=0.000 Y=0.000 Z=1020.000) RuntimeGrid:None EditorOnly:0 RuntimeOnly:0 HLODRelevant:0 ListedInSceneOutliner:1 IsMainWorldOnly:0 FolderPath:Lighting FolderGuid:963EC3EB4002CCE9759E2EBA541A873A
 |   |   |- [+] [ 18]
 |   |   |   |- Guid:80B8BECB48355FF5D562F8BA62FBF70A BaseClass: NativeClass:/Script/Engine.StaticMeshActor Name:StaticMeshActor_UAID_40C2BA4F9FD3862B02_1366327510 Label:SM_Bld_FloorCurved_2x2_01P SpatiallyLoaded:1 Bounds:IsValid=true, Min=(X=-380.000 Y=-1300.000 Z=-10.000), Max=(X=-180.000 Y=-1100.000 Z=0.000) RuntimeGrid:None EditorOnly:0 RuntimeOnly:0 HLODRelevant:1 ListedInSceneOutliner:1 IsMainWorldOnly:0
 |   |   |- [+] [ 19]
 |   |   |   |- Guid:8B45B5BD4B621BB731FE1381A1EBCCD1 BaseClass: NativeClass:/Script/Engine.StaticMeshActor Name:StaticMeshActor_UAID_40C2BA4F9FD3862B02_1373396512 Label:SM_Bld_FloorCurved_2x2_01P3 SpatiallyLoaded:1 Bounds:IsValid=true, Min=(X=-180.000 Y=-1500.000 Z=-10.000), Max=(X=20.000 Y=-1300.000 Z=0.000) RuntimeGrid:None EditorOnly:0 RuntimeOnly:0 HLODRelevant:1 ListedInSceneOutliner:1 IsMainWorldOnly:0
 |   |   |- [+] [ 20]
 |   |   |   |- Guid:9272292F4D043D634BA7F38EB4B6A877 BaseClass: NativeClass:/Script/Engine.StaticMeshActor Name:StaticMeshActor_UAID_40C2BA4F9FD3862B02_1338629506 Label:SM_Bld_FloorCurved_1x1_01P3 SpatiallyLoaded:1 Bounds:IsValid=true, Min=(X=490.000 Y=-1300.000 Z=-10.000), Max=(X=590.000 Y=-1200.000 Z=0.000) RuntimeGrid:None EditorOnly:0 RuntimeOnly:0 HLODRelevant:1 ListedInSceneOutliner:1 IsMainWorldOnly:0
 |   |   |- [+] [ 21]
 |   |   |   |- Guid:C456D9CF4832F89931C269A58762F1C4 BaseClass: NativeClass:/Script/Engine.PostProcessVolume Name:PostProcessVolume_0 Label:PostProcessVolume SpatiallyLoaded:0 Bounds:IsValid=true, Min=(X=0.000 Y=0.000 Z=400.000), Max=(X=200.000 Y=200.000 Z=600.000) RuntimeGrid:None EditorOnly:0 RuntimeOnly:0 HLODRelevant:0 ListedInSceneOutliner:1 IsMainWorldOnly:0 FolderPath:Lighting FolderGuid:963EC3EB4002CCE9759E2EBA541A873A
 |   |   |- [+] [ 22]
 |   |   |   |- Guid:D12C5B9C4942320092D75AA634F6407D BaseClass: NativeClass:/Script/Engine.StaticMeshActor Name:StaticMeshActor_UAID_40C2BA4F9FD3862B02_1299546502 Label:SM_Bld_Ramp_45_1x1_01P6 SpatiallyLoaded:1 Bounds:IsValid=true, Min=(X=-190.000 Y=260.000 Z=100.000), Max=(X=-90.000 Y=360.000 Z=200.000) RuntimeGrid:None EditorOnly:0 RuntimeOnly:0 HLODRelevant:1 ListedInSceneOutliner:1 IsMainWorldOnly:0
 |   |   |- [+] [ 23]
 |   |   |   |- Guid:D844A24B486D16629EDB1F8E4BDBA948 BaseClass: NativeClass:/Script/Engine.StaticMeshActor Name:StaticMeshActor_UAID_40C2BA4F9FD3862B02_1299542500 Label:SM_Bld_Ramp_45_1x1_01P4 SpatiallyLoaded:1 Bounds:IsValid=true, Min=(X=-190.000 Y=360.000 Z=0.000), Max=(X=-90.000 Y=460.000 Z=100.000) RuntimeGrid:None EditorOnly:0 RuntimeOnly:0 HLODRelevant:1 ListedInSceneOutliner:1 IsMainWorldOnly:0
 |   |   |- [+] [ 24]
 |   |   |   |- Guid:E7506BAE4C4061F1FD4B54B6DFC89AF2 BaseClass: NativeClass:/Script/Engine.StaticMeshActor Name:StaticMeshActor_UAID_A4AE111137DC5EFB00_1110535423 Label:SM_SkySphere SpatiallyLoaded:0 Bounds:IsValid=true, Min=(X=-1638400.000 Y=-1638400.000 Z=-1638400.000), Max=(X=1638400.000 Y=1638400.000 Z=1638400.000) RuntimeGrid:None EditorOnly:0 RuntimeOnly:0 HLODRelevant:0 ListedInSceneOutliner:1 IsMainWorldOnly:0 FolderPath:Lighting FolderGuid:963EC3EB4002CCE9759E2EBA541A873A
 |   |   |- [+] [ 25]
 |   |   |   |- Guid:EF6A4AA54C498581010414863CF524BA BaseClass: NativeClass:/Script/Engine.ExponentialHeightFog Name:ExponentialHeightFog_0 Label:ExponentialHeightFog SpatiallyLoaded:0 Bounds:IsValid=true, Min=(X=-5600.000 Y=-50.000 Z=-6850.000), Max=(X=-5600.000 Y=-50.000 Z=-6850.000) RuntimeGrid:None EditorOnly:0 RuntimeOnly:0 HLODRelevant:0 ListedInSceneOutliner:1 IsMainWorldOnly:0 FolderPath:Lighting FolderGuid:963EC3EB4002CCE9759E2EBA541A873A
 |- ContainerInstances:
 |- [+] MainContainer:
 |   |-        ID: 00000000000000000000000000000000
 |   |-  ParentID: 00000000000000000000000000000000
 |   |-    Bounds: IsValid=false, Min=(X=0.000 Y=0.000 Z=0.000), Max=(X=0.000 Y=0.000 Z=0.000)
 |   |- Transform: 0.000000,0.000000,0.000000|0.000000,0.000000,-0.000000|1.000000,1.000000,1.000000
 |   |- Container: /Game/kth/kth_map
----------------------------------------------------------------------------------------------------------------
kth_map - Persistent Level
----------------------------------------------------------------------------------------------------------------
[+] Content of kth_map Persistent Level
 |- Always loaded Actor Count: 26 
 |- Actor Path: /Game/kth/kth_map.kth_map:PersistentLevel.DirectionalLight_0
 |- Actor Package: /Game/__ExternalActors__/kth/kth_map/E/HH/XB1PI0KCEMZINHJQTM84B7
 |- Actor Path: /Game/kth/kth_map.kth_map:PersistentLevel.ExponentialHeightFog_0
 |- Actor Package: /Game/__ExternalActors__/kth/kth_map/3/X3/0HRNBGXHH77T2DAL5DN2J3
 |- Actor Path: /Game/kth/kth_map.kth_map:PersistentLevel.Floor_C_UAID_40C2BA4F9FD3862B02_1198682494
 |- Actor Package: /Game/__ExternalActors__/kth/kth_map/9/NC/ZFIDDWB9VW57QKXXN7B3PJ
 |- Actor Path: /Game/kth/kth_map.kth_map:PersistentLevel.PlayerStart_0
 |- Actor Package: /Game/__ExternalActors__/kth/kth_map/1/XJ/H3HVTGZ07HKZH6Z1K79CPK
 |- Actor Path: /Game/kth/kth_map.kth_map:PersistentLevel.PostProcessVolume_0
 |- Actor Package: /Game/__ExternalActors__/kth/kth_map/0/UZ/WZM0190WAB4D8ZWZ96YAMZ
 |- Actor Path: /Game/kth/kth_map.kth_map:PersistentLevel.SkyAtmosphere_0
 |- Actor Package: /Game/__ExternalActors__/kth/kth_map/2/Z9/MXLM5TZ0PQTTTLRFW5UMJ7
 |- Actor Path: /Game/kth/kth_map.kth_map:PersistentLevel.SkyLight_1
 |- Actor Package: /Game/__ExternalActors__/kth/kth_map/F/1L/9MVWIBDCFLOR15KP41AO6Q
 |- Actor Path: /Game/kth/kth_map.kth_map:PersistentLevel.StaticMeshActor_UAID_40C2BA4F9FD3862B02_1256502496
 |- Actor Package: /Game/__ExternalActors__/kth/kth_map/8/32/RM4SYMMUCQA1Y6KHNVDNYR
 |- Actor Path: /Game/kth/kth_map.kth_map:PersistentLevel.StaticMeshActor_UAID_40C2BA4F9FD3862B02_1266405497
 |- Actor Package: /Game/__ExternalActors__/kth/kth_map/5/PM/NEI9GZBW21WNA03OS6F6WF
 |- Actor Path: /Game/kth/kth_map.kth_map:PersistentLevel.StaticMeshActor_UAID_40C2BA4F9FD3862B02_1269726498
 |- Actor Package: /Game/__ExternalActors__/kth/kth_map/C/6P/EVQWLJE9L3M6V2768W6TYM
 |- Actor Path: /Game/kth/kth_map.kth_map:PersistentLevel.StaticMeshActor_UAID_40C2BA4F9FD3862B02_1284676499
 |- Actor Package: /Game/__ExternalActors__/kth/kth_map/D/Q4/XY57U6UDIK1X9M3ARWO637
 |- Actor Path: /Game/kth/kth_map.kth_map:PersistentLevel.StaticMeshActor_UAID_40C2BA4F9FD3862B02_1299542500
 |- Actor Package: /Game/__ExternalActors__/kth/kth_map/6/ET/E6G3H5XHT8LZUFLPSTL6VQ
 |- Actor Path: /Game/kth/kth_map.kth_map:PersistentLevel.StaticMeshActor_UAID_40C2BA4F9FD3862B02_1299544501
 |- Actor Package: /Game/__ExternalActors__/kth/kth_map/1/7W/UJQ2Z2H9F1QCGFETSGLZ1P
 |- Actor Path: /Game/kth/kth_map.kth_map:PersistentLevel.StaticMeshActor_UAID_40C2BA4F9FD3862B02_1299546502
 |- Actor Package: /Game/__ExternalActors__/kth/kth_map/6/9O/TGKETEJ02DK2DD62I7NAG2
 |- Actor Path: /Game/kth/kth_map.kth_map:PersistentLevel.StaticMeshActor_UAID_40C2BA4F9FD3862B02_1314380503
 |- Actor Package: /Game/__ExternalActors__/kth/kth_map/9/T3/L834LMQ4JH31I8SM8D0616
 |- Actor Path: /Game/kth/kth_map.kth_map:PersistentLevel.StaticMeshActor_UAID_40C2BA4F9FD3862B02_1324564505
 |- Actor Package: /Game/__ExternalActors__/kth/kth_map/5/ZZ/74MQ71P35ZFDVFMU6YSMFC
 |- Actor Path: /Game/kth/kth_map.kth_map:PersistentLevel.StaticMeshActor_UAID_40C2BA4F9FD3862B02_1338629506
 |- Actor Package: /Game/__ExternalActors__/kth/kth_map/6/Z5/WNR4H4B4D9GXHTA7P7JBJO
 |- Actor Path: /Game/kth/kth_map.kth_map:PersistentLevel.StaticMeshActor_UAID_40C2BA4F9FD3862B02_1339922507
 |- Actor Package: /Game/__ExternalActors__/kth/kth_map/2/XK/C9WO6GW2SGCTV6E85GP3K8
 |- Actor Path: /Game/kth/kth_map.kth_map:PersistentLevel.StaticMeshActor_UAID_40C2BA4F9FD3862B02_1340488508
 |- Actor Package: /Game/__ExternalActors__/kth/kth_map/3/JR/PC5EHE782OU37WP5AYRB2K
 |- Actor Path: /Game/kth/kth_map.kth_map:PersistentLevel.StaticMeshActor_UAID_40C2BA4F9FD3862B02_1366327510
 |- Actor Package: /Game/__ExternalActors__/kth/kth_map/C/10/O9J299VLIXN38DPM9JZZF3
 |- Actor Path: /Game/kth/kth_map.kth_map:PersistentLevel.StaticMeshActor_UAID_40C2BA4F9FD3862B02_1372969511
 |- Actor Package: /Game/__ExternalActors__/kth/kth_map/C/GU/ZI8HR3Z7F3LNRMF9H3A5S0
 |- Actor Path: /Game/kth/kth_map.kth_map:PersistentLevel.StaticMeshActor_UAID_40C2BA4F9FD3862B02_1373396512
 |- Actor Package: /Game/__ExternalActors__/kth/kth_map/0/PB/QMWPK802TH9PZYFGZ5559F
 |- Actor Path: /Game/kth/kth_map.kth_map:PersistentLevel.StaticMeshActor_UAID_40C2BA4F9FD3862B02_1373817513
 |- Actor Package: /Game/__ExternalActors__/kth/kth_map/1/7C/6LIG5CHSPYZPJIX0E4TB6T
 |- Actor Path: /Game/kth/kth_map.kth_map:PersistentLevel.StaticMeshActor_UAID_A4AE111137DC5EFB00_1110535423
 |- Actor Package: /Game/__ExternalActors__/kth/kth_map/F/12/IHZHQPHA61GKOCE81A5QYU
 |- Actor Path: /Game/kth/kth_map.kth_map:PersistentLevel.VolumetricCloud_0
 |- Actor Package: /Game/__ExternalActors__/kth/kth_map/3/MB/R11STIUXR2QZTRS7WKZ54W
 |- Actor Path: /Game/kth/kth_map.kth_map:PersistentLevel.WorldDataLayers
 |- Actor Package: /Game/__ExternalActors__/kth/kth_map/2/MX/V6AEBXD0YHHPHO61PG1AYD

----------------------------------------------------------------------------------------------------------------
kth_map - Runtime Hash Set
----------------------------------------------------------------------------------------------------------------

